13289456
3780372
30855519
32251719
11354938
8033069
40107186
13289456
7294211
87383251
59261731
45581894
33766256
55096031
899251
6305294
6661554
67521846
43425763
41187683
24289586
20239940
42234523
61773264
6661554
13289456
40920365
13798584
18191566
899251
30427960
33834921
88230081
85174597
6661554
817087
1086828
72594097
13289456
24289586
40855850
29515405
14936173
189870931
13289456
899251
16740986
129399879
75701494
817087
85174597
79710650
7188182
22059191
30855519
817087
6661554
34479911
29300372
20760679
204207887
30855519
71220957
76906243
3680487
20239940
94295959
10580452
24289586
5553393
11757378
78827919
7357766
4942978
110692704
8033069
75701494
13289456
272381957
85174597
24289586
20239940
16271294
4228196
25580040
16594874
12395510
14936173
19570049
2498947
86860545
75701494
86860545
106329576
1086828
3680487
20239940
6661554
20239940
20239940
18008853
35722400
12010395
85174597
6661554
13289456
38916763
77476765
67531442
16271294
59261731
3780372
6661554
110457183
19420123
29515405
31374235
11354938
899251
87383251
73009785
51923797
13289456
33637947
16271294
13289456
108804380
6661554
32251719
84108628
8104706
13289456
899251
6661554
171688
121228116
13289456
16740986
20239940
15951425
13289456
20239940
6661554
24289586
20239940
207029691
43244622
60515688
3780372
110457183
20239940
6661554
13289456
6661554
30855519
45581894
16271294
5714212
43425763
77419215
20239940
24289586
20239940
9033011
20227913
20239940
164193222
13289456
75701494
6586476
24289586
62089359
75701494
61699517
20239940
110457183
45581894
581840
20239940
75701494
2695459
13289456
110457183
51923797
24626548
13298556
16271294
6661554
29987661
10725218
13289456
20239940
817087
32737012
48989129
44536933
46044882
49688998
11615376
24289586
13289456
34479911
59261731
18950467
110457183
43725391
20239940
5917377
6661554
13289456
13289456
55094519
31324101
3920993
15951425
52270445
41063551
20239940
16740986
93442874
65233204
207029691
34479911
48031716
152120262
16271294
20239940
192153165
817087
5422887
817087
13289456
78514178
817087
53673373
6661554
16271294
6305294
15480312
29300372
88230081
13289456
24289586
16271294
1905969
10391008
43425763
3680487
150452412
44536933
6661554
77476765
22050022
20239940
75701494
8551040
45176226
24289586
545757
26325249
47270834
42472048
899251
30427960
6305294
5087573
39924791
23604239
6095976
3680487
72297178
16740986
39410505
52544012
43260108
205665400
29883410
196841330
24289586
533542881
10813235
78409218
13289456
2695459
13289456
24289586
48989129
171688
30855519
44536933
16271294
16271294
766052484
85174597
817087
34681187
6661554
207029691
110692704
110457183
98465970
6661554
3680487
60515688
20239940
103075557
20760679
1034050
110457183
24289586
24350247
39363611
20239940
20239940
20239940
7971461
13289456
16271294
76343922
24289586
1725219
11354938
48989129
3600605
25394050
9016753
20239940
8659998
207029691
110692704
6661554
20239940
96035087
8551040
817087
205665400
3780372
2337149
6661554
1630917
108904797
85174597
43260108
1134533
68698540
6661554
13289456
56144665
84108628
134428099
13289456
58279074
10846431
56061199
6661554
12564833
20239940
8733804
6661554
3780372
48552329
20239940
12010395
11354938
1086828
39410505
40920365
6661554
20239940
13289456
81463069
19955179
8387394
4228196
30855519
75701494
30855519
817087
84108628
34479911
38916763
8387394
206477643
140443391
11007274
85174597
8033069
817087
19955179
13289456
20239940
40855850
124226361
16271294
899251
24289586
6661554
13289456
51923797
130592082
164193222
75701494
85174597
24289586
56061199
11954146
188899270
13814275
899251
48822172
3680487
20239940
40532979
39924791
16271294
131950297
77419215
8551040
20239940
2569130
6661554
5087573
30855519
13289456
29515405
37529093
6661554
30855519
20239940
51491638
24289586
3680487
14936173
14936173
817087
56061199
45018202
34479911
77476765
16271294
2503429
110457183
6661554
106369520
817087
3680487
3311371
43731834
59261731
207029691
13435682
20239940
16740986
20239940
2695459
9016753
49636552
16740986
16271294
111493394
14936173
111493394
24289586
81273996
207029691
314134433
26457440
817087
8155801
12337361
56061199
16982216
899251
8033069
16271294
4006712
16271294
899251
899251
41801567
11585472
20239940
31523246
188899270
7887668
65038
16740986
12010395
85174597
15416499
56144665
13289456
6661554
110457183
1406024
106116019
20239940
31324101
34479911
Impossible
44536933
13289456
116793623
899251
817087
4705455
4020951
11436092
38916763
91281776
68635674
24289586
6661554
77419215
6661554
207029691
13289456
13289456
12706435
67055154
45176226
817087
44536933
13289456
8033069
10813235
6661554
31869389
6305294
29300372
13289456
13289456
26865415
2695459
11999490
72297178
12381638
12523071
3780372
13289456
75701494
85174597
899251
6661554
20239940
4181808
27693707
16271294
132420187
20239940
24289586
2891486
5422887
21060817
86860545
6661554
13289456
86860545
88230081
31523246
16763181
60515688
7365911
7413272
7816925
29883410
13289456
20239940
13289456
13435682
817087
49688998
19902925
31324101
87453500
11615376
131950297
4006712
37529093
13289456
13289456
30855519
3680487
817087
110457183
6661554
110457183
11354938
7149899
20239940
16271294
24956355
5638371
20239940
31366570
16740986
7365911
11999490
817087
85174597
43260108
16271294
16271294
29515405
6661554
13289456
4135044
34479911
13289456
6661554
817087
8382943
85174597
6661554
899251
817087
899251
13289456
12395510
85174597
3920993
110692704
24289586
13289456
899251
3680487
72320907
30855519
20239940
7988573
44536933
77711991
61216827
15022936
111493394
11354938
55852253
1086828
84514210
43725391
3600605
16457901
207029691
77419215
39363611
39924791
817087
19374224
1078207
192153165
40855850
11608976
382689760
111493394
25580040
26457440
84108628
817087
29515405
131950297
110457183
13289456
29555351
13289456
40920365
20239940
7365911
16271294
453860658
6661554
899251
20239940
52544012
6723738
6661554
31827349
19374224
110457183
84828793
20239940
15480312
126001552
20239940
13289456
77476765
52270445
5970447
188899270
37529093
20239940
13289456
60515688
31013365
85174597
20239940
1086828
5087573
49407213
18491141
85174597
6661554
10055302
3933654
24626548
44536933
16271294
31366570
12010395
13289456
46044882
3600605
24289586
111493394
110692704
817087
85174597
4006712
110457183
88230081
20239940
15951425
53665849
74798541
817087
37021059
34479911
26325249
13289456
20239940
31324101
73009785
79049908
6661554
1145905
59041872
817087
2498947
899251
13289456
75701494
13289456
6661554
20239940
133855527
56061199
20239940
20239940
20239940
20239940
7464068
19902925
24289586
3600605
30855519
20239940
13289456
13289456
12010395
75701494
13289456
30855519
581840
18191566
207029691
20239940
16021806
77197185
171688
111493394
16763181
24071944
13289456
34200857
20239940
110457183
110457183
75701494
13289456
20239940
20239940
26457440
20239940
59041872
15951425
24289586
85174597
13289456
75701494
4228196
30855519
47457778
189909111
33834921
16271294
24289586
11354938
29515405
16271294
59261731
3780372
150537253
85174597
85174597
34479911
24289586
11999490
35135550
64136214
110457183
20670537
3892927
19955179
131950297
3933654
899251
15480312
207029691
86860545
9125786
18191566
94295959
3933654
12504396
40107186
13289456
75701494
817087
20239940
16271294
32251719
73009785
2217320
110457183
37529093
16763181
6661554
82816113
126203381
13814275
85174597
131950297
48989129
111493394
11615376
21950695
8165043
817087
899251
24626548
110457183
75701494
30855519
171688
6493968
34479911
16740986
16594874
24289586
817087
13289456
20347736
20239940
13289456
111493394
87644176
7365911
30855519
13435682
13289456
20227913
16271294
16457901
6661554
26385775
13289456
2695459
16740986
13289456
26457440
13289456
10758086
8504826
20239940
24289586
36874047
6203488
45614439
13289456
16457901
20239940
16271294
6661554
24626548
7413272
20239940
19317823
16740986
125487269
3600605
31869926
16271294
131950297
13289456
20239940
61865606
62089359
11999490
24289586
100012975
33220307
40920365
11354938
13289456
88230081
16763181
899251
6661554
1406024
817087
817087
20239940
16271294
13289456
82916894
33220307
24289586
13289456
6661554
16740986
35334796
37529093
17139187
88230081
33443333
59261731
110457183
2695459
13289456
110457183
817087
5936017
133205528
6661554
817087
20239940
4502704
59261731
13289456
43260108
3680487
15951425
86860545
20239940
48822172
38684819
20239940
20239940
13771930
24289586
168703579
34681187
272890647
6661554
31827349
59261731
45176226
272890647
72297178
85174597
6661554
13289456
24289586
13289456
12523071
13289456
13289456
272381957
16740986
16271294
20239940
1145905
16271294
6661554
1839946
2839950
20239940
16870159
13289456
3600605
24289586
142924895
6661554
27478816
73009785
26865415
13289456
48822172
20239940
3680487
59261731
8220284
18191566
110457183
34479911
20239940
14568543
20239940
13771930
193822100
24289586
20239940
63916821
16870159
20239940
110692704
24289586
29883410
20239940
6661554
10336444
84108628
20239940
59261731
24289586
85174597
13289456
110457183
37529093
111493394
85174597
26527926
111493394
817087
7294211
38832775
13289456
131950297
13289456
11757378
31827349
24267606
6661554
13289456
13435682
54832757
11999490
47383882
110457183
12668746
1839946
8220284
16271294
20239940
6661554
21857944
31827349
72297178
37529093
13289456
75701494
110692704
5465203
24289586
72297178
2314035
10055302
13289456
24350247
6661554
3600605
20239940
3680487
84828793
20239940
215554223
13289456
4006712
84108628
817087
15951425
75701494
77476765
84108628
13289456
207029691
899251
24626548
205665400
3933654
24289586
24289586
16457901
6661554
39363611
115164978
115916635
14936173
13289456
899251
2010501
13435682
13289456
817087
3600605
75701494
10245074
77476765
36267735
87383251
20239940
13289456
139550940
899251
13289456
160529358
10336444
20239940
13289456
85174597
34479911
57504935
29987661
6661554
30855519
16546917
84108628
32843784
15951425
16271294
20239940
207029691
16873445
4006712
207029691
16271294
24177421
16271294
117181786
16271294
215554223
5936017
191344380
20239940
73009785
2498947
24289586
76343922
6661554
817087
3780372
22704172
899251
34479911
56061199
85174597
61152825
1086828
24289586
11354938
2498947
57368340
899251
29515405
13025527
207029691
30855519
29515405
817087
817087
5654635
20239940
20239940
13289456
16133958
19570049
4006712
111493394
20239940
13289456
61216827
34479911
13289456
110457183
6661554
15862416
1327526
207029691
10725218
20239940
2337149
37529093
13289456
48320185
84108628
85174597
59261731
4398123
53019790
7294211
16271294
9125786
24289586
13798584
12010395
20239940
21977737
85174597
16594874
817087
7011037
16271294
899251
131950297
19955179
20239940
817087
6661554
35042730
20239940
13289456
817087
2695483
13289456
20239940
23376393
817087
111493394
8033069
5714212
6661554
817087
40107186
7887668
2076644
111493394
12052057
16271294
817087
62588931
817087
43425763
20239940
110692704
30855519
16271294
5422887
7887668
817087
16740986
207029691
43425763
2377969
62089359
85174597
20239940
20239940
11999490
120921214
6661554
13289456
77419215
75701494
13289456
13289456
79543978
59261731
169143232
2076644
6661554
2377969
7274449
34479911
73009785
121228116
29060286
129399879
32737012
13289456
13289456
6046330
16763181
13289456
1086828
16271294
2498947
9125786
899251
5422887
817087
164193222
4184116
59261731
85174597
20239940
84514210
11608976
10086205
817087
106329576
4006712
2076644
85174597
15572178
20239940
15480312
47457778
12395510
49688998
56953213
20239940
29515405
85174597
19955179
20239940
110457183
33220307
13289456
5936017
73009785
207029691
24956355
11354938
171688
30855519
16737097
111493394
46044882
51016
33220307
6385406
13289456
2444980
13289456
94295959
86860545
19539807
24289586
6661554
15951425
73009785
47038087
272890647
6661554
1168869
899251
130139901
128380385
75701494
13289456
47457778
242244090
13289456
6661554
51923797
817087
8033069
48822172
20239940
20239940
13289456
13435682
75701494
40107186
1145905
16271294
72297178
6661554
61699517
110692704
6661554
85174597
433020613
817087
5087573
40855850
110692704
20239940
48989129
817087
23271007
581840
110457183
24289586
2010501
4398123
13289456
111493394
91271011
4705455
20239940
16271294
111493394
6661554
6661554
1086828
16605470
84108628
13289456
6661554
13289456
20239940
93442874
24626548
100341726
32809768
6661554
4006712
31324101
30855519
110457183
14936173
16740986
110457183
207029691
140064569
84514210
75701494
24289586
59261731
24289586
13289456
24626548
941494
24289586
6723738
23228562
26865415
24626548
4398123
20239940
88230081
16740986
171688
16271294
242244090
5907660
29060286
6661554
93315874
4491916
45581894
104198295
13289456
899251
845557
20239940
37529093
39363611
24289586
6305294
110457183
85174597
13289456
13435682
57504935
30855519
6305294
110457183
85174597
4398123
39212362
20239940
46204184
28463707
13289456
5907660
24026203
593096180
12381638
16271294
108904797
11999490
3680487
13289456
21471768
16271294
13289456
6661554
8551040
12197067
13289456
6661554
6661554
271361100
87789857
20239940
5422887
131950297
1086828
26865415
6661554
13289456
6661554
13435682
61190038
59261731
20239940
40285240
85174597
13289456
817087
26865415
13289456
73009785
16271294
69093499
75701494
2076644
90045074
163589442
13289456
72297178
59400246
85174597
84514210
937260
88230081
20239940
899251
6661554
13289456
16271294
61216827
85174597
16271294
13289456
11198165
13289456
36667976
36267735
3780372
154786258
6661554
35135550
65233204
48031716
14936173
20239940
85174597
16271294
51707567
6661554
230317
20239940
5250128
62089359
10214947
173379168
6661554
3566355
8551040
85174597
10336444
6661554
57259084
39363611
51923797
899251
10813235
394408526
20239940
1327526
6661554
1327526
20239940
16271294
11354938
212829590
16457901
24289586
16271294
85174597
6661554
899251
24289586
6305294
239080105
16740986
33220307
6661554
85174597
20239940
13289456
110457183
2695459
51016
12381638
39410505
20239940
1086828
26865415
30855519
34453474
16763181
52544012
85174597
21372200
937260
110457183
300160194
45870261
6661554
155328972
20239940
13289456
20239940
6661554
13289456
3889215
6661554
103094965
57368340
13289456
13289456
34479911
67531442
26534861
10391008
108817372
75701494
7365911
11354938
26385775
20239940
20239940
77419215
81888637
3920993
87383251
3600605
56061199
16271294
30855519
85174597
32843784
18191566
85174597
33220307
24289586
20239940
110457183
65852721
32251719
7011037
576288
33220307
40141914
6661554
118458144
13289456
20239940
20239940
20239940
37529093
131950297
104896396
52311140
11615376
16271294
6661554
35334796
111493394
73009785
6661554
4398123
20239940
13289456
85174597
156672754
817087
16740986
5087573
30855519
16271294
30855519
78409218
56061199
29515405
110457183
207029691
206477643
11813326
899251
6661554
3680487
110457183
9603681
6661554
16873445
13289456
46678419
85174597
57368340
110457183
11354938
73009785
20239940
13435682
13289456
13289456
34479911
20239940
86860545
110457183
13289456
6661554
13289456
20239940
5936017
111493394
39363611
899251
4775336
20239940
180241358
110457183
8165043
24289586
20239940
38340374
182273568
2498947
61216827
20239940
3010776
37529093
7640939
11999490
16546917
13289456
91281776
16740986
40855850
22583507
3662722
75492794
6661554
15951425
37275064
6661554
76439586
131950297
20239940
3680487
20239940
7689732
63000868
13289456
13298556
80049483
6661554
37529093
23228562
20239940
20239940
200844443
4135044
32251719
72297178
13289456
34479911
6661554
1086828
6661554
110457183
174589642
47457778
43731834
86860545
72769018
85174597
126255499
4181808
16271294
5970447
20239940
20239940
75723415
6661554
56061199
56919249
13289456
16271294
53832483
20239940
16271294
20239940
72297178
20239940
13435682
77419215
20239940
11999490
13289456
6305294
110457183
111493394
26457440
111218458
295225564
29883410
84514210
54165606
27190181
817087
43260108
20239940
85174597
110457183
12337361
9667648
34479911
10813235
13289456
6661554
20849613
48989129
30429498
20239940
5147090
6661554
20239940
85590991
13289456
59261731
22045417
20239940
46044882
1515421
44536933
40920365
6661554
4528919
20239940
6661554
6661554
30429498
4228196
175967525
6661554
3680487
15951425
6661554
20239940
15000944
67521846
31827349
15951425
85174597
110457183
13289456
5087573
6661554
75701494
20239940
3780372
1134533
1086828
24350247
34479911
13289456
41063551
85174597
817087
581840
20239940
39363611
110849095
1134533
81888637
37293395
16133958
38341706
30990953
26968425
12010395
16271294
131950297
20307445
90821683
51923797
6661554
24289586
3780372
85174597
14936173
1924880
6661554
40107186
24289586
21372200
10813235
59400246
14936173
242965701
20239940
6661554
261082
51491638
110692704
20239940
65532149
6661554
13289456
108904797
56061199
30855519
56919249
817087
24289586
20239940
13289456
243675957
11354938
817087
12010395
39410505
24289586
20239940
6661554
40285240
2695459
16870159
8220284
110457183
341182103
88230081
13289456
164193222
29515405
47383882
70431119
24289586
26457440
22545424
899251
84108628
402391758
34479911
13289456
37529093
35135550
56061199
25394050
817087
81002655
84108628
29060286
2217320
207029691
817087
34681187
110457183
188899270
13435682
40426261
26534861
1145905
49688998
49710481
18466581
24289586
6661554
3680487
10336444
48989129
26865415
43731834
1086828
84108628
53544173
63916821
817087
32251719
13289456
3680487
13289456
213001420
119434384
13936215
16271294
60931128
16271294
44688337
16271294
124226361
14936173
20239940
110692704
43725391
47457778
20239940
30707428
1086828
64224375
16271294
30855519
3892927
5936017
3680487
16740986
20239940
124506
47383882
87609996
16763181
13289456
11354938
6305294
11999490
85174597
817087
899251
59261731
6661554
56061199
272890647
81533085
31324101
3680487
47884582
90821683
95690781
13289456
75701494
5343367
73031628
29987661
87119460
48803473
38341706
84108628
15951425
67445946
11354938
4398123
6661554
239080105
9719848
20239940
817087
16763181
17488909
29300372
899251
13289456
7294211
106329576
1924880
24289586
817087
24289586
45870261
75701494
110457183
20239940
817087
6661554
49677523
86860545
16271294
12337361
13289456
37529093
2132018
6203488
20239940
39363611
53019790
16271294
3680487
20239940
10813235
16271294
13289456
85174597
16271294
30855519
4398123
20239940
13289456
10336444
16271294
30855519
16271294
20239940
24289586
817087
16271294
59400246
9125786
30855519
5638371
73009785
20239940
174589642
6095976
111493394
85174597
16457901
6661554
60515688
48989129
15022936
20239940
21471768
3680487
14363365
20239940
76439586
19650034
73009785
2498947
24289586
1145905
39410505
16271294
13289456
13289456
33424988
817087
10336444
126994151
11753727
15862416
4221774
110457183
85174597
78595906
139550940
16271294
17757082
88230081
24289586
14563339
111493394
13289456
899251
6305294
13289456
19123833
19955179
102657101
20239940
53544173
32251719
48989129
38684819
30205502
3401596
39410505
6661554
6723738
6661554
6661554
13289456
26457440
13289456
56061199
92640035
85174597
33766256
6661554
54401032
20239940
80049483
31869389
13289456
13289456
29515405
16740986
87609996
16271294
6661554
150811530
899251
47270834
16740986
6661554
10813235
13289456
19155705
103475376
7365911
15000944
59261731
73009785
85174597
3600605
110457183
85174597
57504935
33766256
20239940
43260108
68606244
25850588
817087
11999490
125669373
33220307
219686101
6661554
2695483
85174597
4398123
30855519
85174597
48822172
20239940
20239940
6341564
81888637
16271294
11354938
3780372
8551040
20239940
30855519
36667976
15951425
33220307
19420123
20239940
20239940
13289456
899251
24289586
16271294
16271294
6661554
20239940
84108628
20239940
5087573
13289456
20239940
1086828
899251
304792
16271294
110692704
13289456
48989129
817087
5654635
20239940
24289586
31827349
6661554
3920993
24289586
13289456
18191566
5422887
126255499
20239940
16271294
206477643
31324101
13289456
73009785
20239940
24289586
30855519
13289456
164193222
16271294
27468609
20239940
35084687
75701494
817087
13289456
6661554
7887668
19902925
30855519
51923797
84108628
13289456
35334796
13289456
20239940
171688
20239940
13289456
76039274
13814275
110457183
112270507
39399797
817087
34479911
16271294
24626548
51016
899251
14939822
817087
24289586
5936017
899251
56061199
6661554
4398123
11813326
94295959
3889215
13289456
2891486
16271294
29300372
13289456
30855519
48822172
7365911
16737097
1168869
33424988
1145905
817087
2837905
7494669
39410505
4855791
49688998
59261731
10214947
29543821
16271294
1145905
12010395
10813235
11112110
2076644
57368340
13289456
13289456
20239940
13289456
45581894
86860545
215554223
85174597
817087
2503429
817087
25580040
13289456
43260108
29883410
11999490
10086205
24289586
13435682
16271294
13289456
817087
14568543
20239940
24289586
148145789
16740986
6661554
51923797
1515421
20239940
899251
16271294
2503429
2503429
16271294
26457440
3680487
13435682
20239940
43731834
5936017
11354938
75701494
14936173
817087
6661554
6661554
20239940
47457778
20239940
47383882
11615376
85174597
24626548
16271294
4228196
1086828
581840
20239940
11999490
5051783
14936173
54401032
25394050
24289586
6661554
16271294
4398123
45176226
8387394
77476765
16271294
4006712
30855519
20239940
60515688
55096031
6305294
4006712
46471987
4398123
39363611
20239940
95452096
16763181
6661554
6661554
25580040
16271294
84828793
6661554
13289456
13289456
13289456
14936173
899251
20239940
90536189
5422887
75701494
59261731
10391008
8621103
33015454
11354938
8387394
75701494
13289456
5422887
16271294
13289456
899251
11999490
13289456
20239940
817087
1086828
6305294
24289586
110457183
87542690
13289456
110457183
19955179
77419215
13211943
26457440
6661554
10846431
72297178
13289456
11999490
57368340
13289456
Impossible
53544173
654198
110457183
13289456
13289456
899251
110692704
20239940
20239940
13289456
20239940
6661554
62959969
164193222
5087573
20239940
16271294
37529093
17055994
20239940
20239940
6661554
18138889
22883948
111493394
6661554
817087
85174597
11098003
303661733
85174597
3680487
13289456
54273289
13289456
20239940
13289456
13289456
10745251
13289456
24626548
94295959
110457183
13289456
30855519
8104706
13289456
60107311
43260108
100341726
30855519
21977737
13289456
3780372
57167232
13289456
18138889
51491638
30855519
16271294
228733466
75701494
20239940
2217320
78512445
13425426
19902925
85174597
16271294
18191566
13289456
429678678
13289456
85174597
30855519
20239940
6661554
1598175
34479911
20239940
47383882
20239940
24626548
87383251
1086828
6661554
1086828
48989129
6661554
77419215
6661554
85174597
817087
13289456
59261731
6305294
6305294
24350247
134514216
13289456
41089826
13936215
207029691
47457778
3680487
84108628
16271294
13289456
110457183
62959969
85174597
26457440
11999490
111493394
13289456
24289586
20239940
16271294
75701494
31523246
111493394
472647535
55908070
48552329
207029691
29515405
110457183
16271294
6385406
16271294
91281776
47457778
13289456
24289586
15951425
817087
899251
207029691
44911722
110457183
4726703
85174597
817087
20239940
817087
4228196
13289456
20239940
53544173
4398123
18763850
817087
30855519
85590991
3780372
11354938
110457183
59041872
59261731
31869389
75701494
10813235
14568543
33110949
54365073
817087
110457183
817087
111493394
207029691
34750117
119434384
110457183
13289456
60515688
13289456
38270707
13289456
29779959
97020355
2217320
47383882
20239940
6661554
48822172
24289586
899251
8551040
7294211
33220307
13289456
20239940
3780372
20239940
3780372
6305294
13289456
11354938
13289456
75492794
87119460
1086828
206477643
1086828
6661554
6661554
47383882
36667976
80049483
11615376
3600605
110692704
110457183
180164462
581840
294273996
6305294
23734603
20239940
16271294
3780372
3780372
13289456
34479911
72734434
30855519
63785946
30855519
20239940
27161957
88812548
16740986
7494669
156672754
2498947
11999490
6661554
13435682
6661554
6385406
899251
23376393
86860545
13289456
899251
110457183
37529093
2498947
110457183
6661554
24289586
13289456
63775015
8155801
126255499
18940925
75701494
75701494
4942978
272890647
43725391
82916894
84108628
20239940
2117464
31271768
269014443
44536933
11354938
72320907
174306578
37529093
9016753
817087
85174597
110457183
3680487
34681187
24289586
6661554
67531442
3780372
42234523
486166748
152120262
72297178
581840
46471987
110457183
30855519
171688
13289456
817087
30855519
24289586
84108628
11354938
20239940
1145905
19317823
10813235
6661554
817087
7988573
18940925
111493394
68121838
24289586
16271294
60515688
162217042
2503429
62959969
30855519
16740986
34479911
85174597
380746889
52544012
25119858
24289586
124226361
817087
36667976
124226361
15951425
16271294
24289586
22883948
6305294
20239940
84108628
33220307
581840
817087
84514210
20239940
15951425
26865415
899251
13289456
13289456
15247633
219863557
58231279
15480312
215554223
899251
26457440
85174597
16271294
20196154
141799362
37529093
13289456
110457183
13289456
40920365
39363611
24350247
13771930
20239940
11999490
6661554
23299002
16271294
207029691
19570049
11436092
10391008
1406024
13289456
111493394
30855519
24289586
20239940
20239940
20239940
48822172
73009785
85174597
14363365
24289586
6661554
86910608
6661554
16271294
20239940
16740986
6661554
16271294
75701494
20239940
16740986
28486789
24350247
106329576
20239940
13289456
24510847
24289586
11354938
14936173
39835514
19955179
110457183
110692704
61212807
899251
85174597
35102056
47270834
37529093
84108628
11354938
11608976
242244090
11354938
85174597
85174597
81533085
1086828
16271294
33110949
4006712
8551040
817087
81533085
12010395
2586390
46044882
16271294
37529093
20239940
4228196
24289586
15862416
491703560
16271294
43260108
39410505
34479911
11354938
11436092
96230589
22050022
3780372
53519829
24289586
20239940
85174597
24289586
24289586
30855519
6661554
85174597
13289456
30855519
845557
6661554
38832775
10336444
45581894
15480312
38341706
24289586
845557
12010395
7021713
3680487
111980471
6661554
75701494
20239940
85174597
30105686
111493394
206477643
34696361
193822100
13289456
20239940
16271294
57119666
115916635
110457183
1145905
20239940
44536933
47383882
25580040
62959969
24350247
110457183
893327197
12706435
77476765
73009785
16271294
111493394
46044882
51491638
817087
6661554
899251
584765691
73009785
57504935
899251
11354938
13289456
18491141
76439586
110457183
6661554
110457183
13289456
3780372
23649558
817087
817087
85174597
817087
31523246
5343367
15862416
78811225
16594874
206477643
16271294
817087
29779959
40379407
18191566
20239940
34979877
32065732
30855519
20239940
72320907
20239940
77419215
16763181
77419215
6661554
3600605
6661554
19420123
3680487
3780372
154786258
3680487
56061199
13289456
110457183
10336444
20239940
20239940
13289456
6661554
2259898
16594874
51016
1515421
24289586
20239940
16234234
110457183
7294211
29515405
4006712
182975186
6661554
106369520
1086828
32251719
548707537
14936173
71195248
16271294
899251
13435682
73009785
6661554
16453885
13289456
899251
110457183
29300372
24289586
8382943
34479911
8640274
494005425
817087
5936017
5422887
77419215
20239940
43425763
3780372
11999490
4398123
13025527
13289456
19955179
12395510
3311371
9603681
4502704
20239940
1086828
20239940
1839946
20239940
20239940
111493394
95690781
16271294
16271294
75701494
34750117
20239940
7149899
16740986
899251
20239940
33637947
20239940
42263503
112094131
24289586
48989129
11354938
11354938
110457183
75701494
16740986
12010395
34479911
6661554
18170225
20239940
6661554
11354938
37293395
31240693
6661554
16271294
16271294
11354938
77674688
13289456
33220307
27190181
31827349
84514210
581840
24289586
97287180
19955179
59261731
26865415
20239940
38442400
110457183
16271294
20239940
3680487
24289586
30205502
29987661
38541781
38684819
20239940
16271294
817087
85174597
30855519
59041872
85174597
20239940
40532979
18191566
2076644
110457183
91030104
1924880
81888637
20239940
16271294
123616912
817087
13289456
20239940
6661554
19955179
46678419
44964324
6661554
29515405
13289456
76906826
817087
11624146
2556806
16271294
24750803
40107186
1327526
47457778
6661554
817087
59261731
111493394
20239940
39363611
48989129
3680487
20239940
43260108
20239940
64610665
67531442
26457440
33299220
171688
16271294
19902925
13289456
235116318
899251
13435682
24626548
2891486
10336444
44536933
20239940
24289586
24289586
20239940
56886965
236900108
23604239
11354938
16271294
558482265
6661554
6661554
13289456
13289456
817087
13289456
29812186
215554223
86860545
30855519
2337149
3780372
80077724
4006712
4006712
11354938
1086828
37529093
1086828
817087
13289456
24289586
3600605
6661554
52544012
4006712
1086828
59261731
1086828
81533085
45018202
20239940
84108628
817087
75701494
817087
57519646
10580452
77207402
8551040
13771930
10336444
35175700
22018153
4006712
33721407
13289456
817087
64059050
6586476
16271294
6661554
121228116
60515688
13814275
20239940
29515405
46471987
16271294
71928494
1788857
26457440
40107186
48430443
13289456
6661554
899251
29515405
20239940
20239940
1086828
12010395
85174597
20239940
119730702
77476765
558482265
27478816
16740986
5662650
6661554
10580452
11354938
817087
26865415
16271294
24289586
73281136
38684819
5654635
6661554
20239940
110692704
29515405
20239940
24289586
111493394
20239940
24289586
85174597
29883410
20239940
37529093
13289456
34479911
23743196
55096031
2259898
24289586
32065732
20239940
16271294
20239940
41417587
85174597
13289456
10055302
20239940
4420348
110457183
817087
72297178
85174597
16271294
24289586
85174597
13289456
14936173
20239940
24289586
20239940
85174597
11999490
817087
6095976
85174597
54401032
109444966
81888637
20239940
20239940
62089359
84108628
817087
10813235
128380385
60515688
6661554
13289456
899251
2503429
13289456
10580452
24289586
899251
87672502
24289586
817087
13289456
72297178
20239940
194538370
3680487
84514210
9074750
817087
7023961
68635674
6661554
59261731
13435682
7294211
20239940
13289456
899251
4006712
817087
300160194
5936017
11354938
110457183
56061199
16740986
13289456
13289456
16271294
13289456
817087
58012081
61216827
18491141
75701494
16271294
16740986
47383882
114334475
110457183
10813235
3680487
3436019
13289456
205764302
20239940
2695459
13289456
8551040
20239940
85174597
31523246
84108628
38930279
144733380
110457183
51016
20239940
3034604
29515405
20239940
30855519
110692704
55852253
239080105
73009785
26457440
84108628
16740986
13289456
6661554
16740986
11999490
50452864
80113
13289456
15480312
4068231
16271294
6661554
6661554
171688
206477643
30855519
85174597
11999490
72320907
11671068
16271294
6305294
899251
13289456
20849613
75701494
164193222
13289456
20239940
30855519
129399879
18940925
20239940
6661554
32251719
75701494
261082
75701494
110692704
12523071
13289456
48726907
16271294
18191566
12052057
81577912
72734434
16271294
16271294
817087
3020655
110457183
16740986
24289586
16271294
81533085
817087
69268764
7887668
3311371
13289456
57504935
85174597
20239940
131950297
20239940
85174597
75701494
389265409
30855519
817087
110692704
85174597
8551040
817087
13289456
817087
817087
20239940
48803473
53673373
75701494
86860545
55096031
30990953
29883410
124506
111493394
84514210
29300372
899251
29515405
11615376
46044882
85174597
110457183
6661554
817087
10055302
1134533
72297178
6661554
193822100
30855519
1296519
11615376
1630917
13289456
13289456
8033069
110692704
117181786
817087
130216970
45581894
20239940
20239940
56727607
207029691
1406024
24289586
87609996
1924880
817087
3780372
25478532
73009785
90536189
110457183
817087
581840
128380385
817087
30855519
110457183
24289586
85174597
26865415
13289456
110457183
13289456
13289456
20239940
12628153
8640274
75701494
37529093
6661554
81888637
13289456
4228196
61190038
20239940
8381290
46044882
74348496
7021713
188287658
13435682
79505275
20239940
60515688
3780372
2503429
15600041
34479911
111493394
899251
13289456
20239940
6661554
8220284
13289456
20239940
20239940
85174597
29812186
16740986
85174597
6661554
59261731
20239940
44911722
7464068
26865415
16546917
16605470
14724921
6661554
10336444
13289456
6661554
97173872
899251
18466581
12713814
74798541
817087
29987661
34479911
12010395
86860545
899251
68635674
520840686
95690781
106329576
12010395
10051951
26585647
209146611
62741002
1327526
16740986
15951425
13289456
43425763
33220307
162723261
7464068
110692704
5662650
42234523
13289456
32251719
61212807
13289456
29515405
3600605
46044882
47270834
111493394
110457183
62667492
77207402
20239940
43333831
14936173
13289456
16870159
110457183
43425763
899251
11999490
37275064
37529093
5250451
6661554
171688
8551040
23649558
20239940
24289586
29060286
190171367
30205502
90821683
16740986
110457183
11354938
10813235
75701494
13289456
899251
30855519
148145789
13289456
3680487
18491141
16740986
13289456
81888637
817087
110457183
11999490
106329576
57368340
110692704
13289456
817087
13289456
26457440
12628153
10580452
6493968
16271294
110457183
35175700
75701494
15480312
11354938
13211943
16271294
102036625
24289586
1788857
16271294
7887668
9033011
899251
18763850
24289586
29515405
15016252
20239940
14850411
16271294
34479911
20239940
817087
16271294
207029691
207029691
13289456
3780372
11354938
6203488
3680487
60515688
8033069
13289456
81533085
207029691
1086828
5907660
43731834
171688
6661554
817087
30855519
16271294
817087
3920993
13289456
213826953
81888637
13289456
24350247
134670495
53544173
15480312
13289456
4398123
72297178
92232495
2695459
242637879
13289456
32251719
86860545
13289456
3680487
60515688
13814275
11999490
200139818
81533085
110457183
899251
899251
6661554
817087
13289456
13289456
94295959
110457183
24626548
37529093
20239940
81888637
6661554
84514210
13025527
20239940
7021713
6661554
110457183
14936173
52270445
56061199
108904797
37529093
20239940
77476765
111493394
20239940
13289456
5422887
53544173
48822172
16271294
104896396
89677227
88230081
13289456
25478532
30855519
48989129
75701494
13289456
16271294
37529093
231414601
817087
20239940
8504826
20239940
30855519
2076644
26457440
126203381
24289586
13289456
84108628
817087
15786871
75701494
21259035
20239940
103931141
86860545
126255499
24289586
110457183
14568543
13289456
32251719
20239940
18138889
3600605
3920993
20239940
817087
20239940
18491141
29060286
67451307
74348496
144733380
44536933
24289586
30855519
77528763
325903957
13435682
30855519
13289456
20239940
3600605
35744279
20239940
7365911
57368340
43260108
6661554
163589442
20239940
2739209
55852253
77476765
3780372
145668997
6661554
22583507
111493394
1904608
51923797
38014544
56061199
21309862
95690781
31324101
6661554
73009785
19955179
19955179
97173872
19788212
43260108
29300372
126537916
207029691
56061199
85174597
13289456
6661554
167034349
13289456
75701494
20239940
19955179
75701494
29060286
3780372
193822100
20239940
68635674
110457183
214985086
76693570
24289586
110457183
13289456
8033069
6661554
13289456
158507878
19559620
16271294
110692704
242637879
219725658
1145905
20239940
59261731
6661554
2498947
558482265
899251
5936017
14936173
5662650
20239940
13289456
8382943
76906826
24289586
19420123
8387394
15480312
6661554
29812186
207029691
24289586
899251
6661554
18191566
817087
24071944
8504826
85174597
15480312
6670045
29812186
110457183
20239940
20239940
52270445
15247633
60515688
15572178
865178001
16594874
4775336
16271294
16271294
5553393
34479911
5422887
20239940
56061199
16271294
13289456
12010395
4228196
3780372
18191566
20239940
3680487
13289456
171688
817087
76148832
3482736
29987661
13289456
34479911
110457183
20239940
10813235
76439586
13289456
24289586
16457901
7365911
27190181
17757082
77419215
188899270
24289586
85174597
24956355
53579172
77476765
16271294
20239940
24289586
48989129
47270834
73009785
103075557
13289456
899251
1086828
13289456
16740986
2076644
5970447
110457183
41181834
126255499
144733380
86860545
26628193
47457778
1515421
91030104
50544791
817087
51923797
16271294
6661554
6661554
1145905
11354938
13289456
6661554
85174597
6661554
4398123
154698863
102325900
34479911
39835514
40920365
817087
13289456
19420123
20239940
110457183
7365911
30855519
110457183
77476765
56061199
87889345
3680487
11436092
73009785
72320907
20239940
29515405
13289456
3680487
43731834
13289456
16271294
13435682
64176078
78512445
3680487
5970447
817087
59261731
51249603
85174597
1086828
110692704
15022936
4068231
899251
200602824
62741002
110457183
20239940
817087
20239940
106329576
37529093
112270507
16271294
20239940
110457183
187833562
3780372
6661554
207029691
62959969
38646332
16271294
96874107
899251
13289456
20239940
85174597
31827349
4228196
391906590
72734434
817087
60515688
899251
4318134
20239940
171688
8551040
111493394
20239940
6661554
4006712
13289456
13289456
20239940
16271294
92232495
24289586
10758086
15577213
5422887
72297178
3311371
8033069
16271294
110457183
8733804
6661554
101375700
5422887
3680487
85174597
52270445
20239940
26865415
16271294
85174597
20239940
131996691
96396366
10336444
35516981
26457440
164193222
78880373
16271294
13289456
20239940
124226361
494005425
10391008
4228196
20239940
16271294
24289586
1086828
67521846
11999490
84828793
16271294
16271294
132345245
86860545
18008853
77476765
4184116
13289456
72769018
13289456
2739209
38442400
122305338
13289456
85174597
24289586
10336444
20239940
43260108
3680487
13289456
817087
72297178
30855519
77207402
133205528
48430443
29987661
899251
6661554
35516981
13289456
13289456
13289456
86860545
20239940
34479911
15951425
4228196
13289456
49636552
20239940
817087
20239940
33110949
144733380
84514210
10852103
16271294
13289456
5465203
110692704
899251
3780372
817087
59261731
56144665
13289456
39363611
10336444
110692704
18008853
20239940
7988573
817087
20239940
30855519
4942978
73009785
189909111
6661554
85174597
13435682
6661554
85174597
75701494
25580040
24289586
13289456
77476765
16740986
817087
256582
20239940
85174597
26562939
817087
27468609
46044882
4891822
77476765
28486789
34681187
75701494
19570049
817087
20239940
817087
6661554
14936173
14563339
3680487
12010395
6661554
42263503
20239940
899251
20239940
24289586
18191566
845557
34479911
110457183
21309862
75701494
16740986
23437905
6661554
12502564
110457183
8504826
20239940
73009785
22704172
79049908
6661554
111493394
16271294
20239940
817087
24626548
29300372
85174597
1702885
13289456
20239940
6661554
6661554
16271294
20239940
16763181
10852103
9125786
12337361
6661554
4398123
20239940
817087
899251
6661554
242244090
8551040
26534861
20239940
817087
29772966
48822172
190171367
30855519
24289586
6661554
20239940
1086828
16271294
171688
88230081
18008853
9033011
24289586
95457243
242965701
2498947
48430443
24289586
242244090
85174597
78512445
19374224
151068696
15480312
13289456
182273568
110457183
110457183
43425763
30855519
75701494
24289586
20239940
4006712
20239940
817087
474794179
13435682
2695459
87789857
899251
1086828
20239940
111493394
13289456
33299220
16271294
899251
3933654
11585472
75701494
817087
16271294
10813235
85174597
13289456
16740986
18940925
85174597
56061199
20239940
24626548
24289586
13289456
75701494
94295959
20239940
13289456
817087
20239940
150811530
817087
817087
51747357
35744279
13289456
13289456
1086828
6661554
20239940
53673373
16982216
3780372
20239940
817087
85174597
3920993
85174597
12010395
2076644
90045074
16457901
13289456
26865415
10725218
59261731
5654635
3600605
6661554
59261731
207029691
47038087
37529093
6661554
93442874
47760458
4420348
84108628
79543978
29515405
20239940
20239940
817087
101375700
13289456
6661554
26865415
13289456
22704172
6661554
20239940
85174597
9603681
16271294
1515421
84514210
899251
11354938
180241358
20239940
61216827
84108628
34479911
13289456
11354938
38442400
20239940
16271294
63047695
239080105
14936173
817087
34479911
91281776
48430443
57007944
16271294
29515405
20239940
13289456
17159485
77207402
55094519
11615376
20239940
6661554
110457183
20239940
65675448
20239940
7887668
20239940
40920365
11354938
32418278
6661554
4398123
899251
5422887
171688
6661554
61212807
48803473
899251
12010395
10813235
20239940
110457183
43244622
110692704
207029691
94795547
51923797
85174597
20227913
95452096
1086828
13289456
16763181
4221774
20239940
29812186
52544012
13289456
6661554
817087
87672502
817087
13289456
3680487
32251719
24289586
20239940
16271294
24289586
16271294
6661554
111493394
84514210
7365911
5936017
6661554
110457183
6661554
85174597
20239940
59261731
5638371
16271294
13289456
110457183
13435682
110457183
3680487
20239940
78029226
10086205
13289456
13289456
13289456
85174597
12395510
4891822
21372200
12523071
11999490
13289456
30855519
24289586
19955179
50781749
29515405
110457183
16740986
20239940
24289586
110692704
15961519
20239940
817087
124060546
130216970
47457778
13289456
51491638
94636554
13289456
24930727
110457183
171688
3933654
63730573
817087
30855519
11999490
11999490
899251
47094949
76343922
62433366
110457183
32251719
20239940
110457183
817087
16271294
8551040
89920789
19955179
1134533
20239940
72734434
13025527
110457183
20239940
16740986
18138889
16271294
35564693
333820966
25580040
106329576
13289456
20239940
5936017
97649394
24956355
20239940
29060286
15951425
70431119
37529093
32065732
20239940
1904608
16740986
77476765
6661554
20239940
817087
72320907
5707971
6661554
7149899
21372200
22549287
207029691
13289456
159154494
16271294
7786032
25580040
16271294
20239940
13289456
20239940
16594874
30855519
110457183
75701494
75701494
16271294
84108628
33424988
75701494
95390222
20440165
20239940
16271294
20239940
13289456
1916446
34479911
817087
3780372
30105686
3482736
96874107
20239940
8155801
81888637
3780372
110457183
73009785
43425763
20239940
817087
207029691
1515421
72734434
26865415
13289456
20239940
10813235
16271294
140443391
899251
85174597
4398123
169143232
133205528
13289456
167028369
26865415
16740986
43244622
85174597
16271294
14363365
40855850
13289456
77419215
37021059
817087
26865415
164193222
3680487
56061199
48822172
24289586
38646332
20239940
10336444
20239940
48989129
6661554
111493394
219725658
16740986
29812186
34479911
8733804
131950297
16271294
45176226
817087
34750117
8551040
94229067
242637879
75835864
30855519
6661554
25437534
42644908
2695483
817087
13289456
171688
262547638
13814275
13289456
16740986
13289456
44536933
4175274
16271294
2695483
16763181
74348496
110457183
22704172
6305294
13289456
3600605
74348496
11354938
6661554
85174597
13289456
899251
24289586
85174597
817087
70431119
2503429
9033011
48989129
140064569
16546917
11615376
84828793
6661554
103094965
20239940
18466581
3600605
48430443
12010395
20239940
899251
13289456
13289456
24289586
2695459
228733466
20239940
16271294
87609996
37917356
20239940
13289456
56061199
19155705
30855519
193822100
272890647
20239940
20239940
20239940
72320907
92640035
20239940
20239940
85174597
20239940
899251
16271294
110457183
899251
20239940
25394050
6723738
13289456
24289586
33220307
12010395
13289456
56953213
24289586
20239940
847200517
86860545
11999490
3680487
2503429
25580040
56061199
74118795
13289456
84108628
27468609
24289586
30205502
11098003
9593460
16271294
20239940
20239940
51923797
6661554
91271011
33220307
11290551
29515405
110457183
16271294
213826953
24289586
4228196
56061199
78595906
73009785
111493394
85174597
85174597
272890647
20239940
16271294
64610665
16271294
14936173
74776886
3680487
8504826
26865415
19955179
4228196
16271294
111493394
16546917
110457183
13025527
4228196
85174597
13289456
73009785
110457183
24289586
7365911
15480312
20239940
13289456
24289586
34696361
164193222
20239940
854994
45176226
817087
20239940
73009785
5936017
24289586
16271294
20239940
102657101
31271768
22583507
13289456
110457183
13289456
56919249
8387394
53910003
85174597
10846431
57368340
1086828
84108628
24289586
84108628
817087
75701494
19123833
108904797
11354938
84108628
20239940
7365911
32251719
45176226
3780372
29060286
94295959
6661554
164700110
13289456
30429498
88230081
817087
3600605
5654635
13289456
1086828
19955179
110457183
168703579
41181834
16271294
5936017
38442400
42994353
40920365
16982216
34479911
16763181
13289456
817087
24956355
73009785
13289456
75701494
230317
1145905
35744279
75558313
12010395
26534861
20239940
9016753
30855519
5422887
20239940
13289456
16271294
2076644
15572178
84108628
3892927
12536633
13289456
16740986
817087
13289456
32251719
13289456
62855655
24289586
12713814
40920365
46044882
20239940
16740986
13289456
3780372
122397219
20239940
3311371
32065732
6661554
16271294
817087
79575577
75701494
7021713
73009785
13289456
276806823
13289456
20239940
48822172
24289586
817087
12010395
206477643
77207402
817087
24289586
51016
7887668
2076644
6661554
93442874
30855519
817087
10108749
20239940
124226361
16271294
110457183
2498947
13289456
35744279
37529093
8387394
3780372
20239940
48989129
899251
5422887
6661554
2837905
34696361
10431878
845557
817087
35175700
11954146
7640939
85174597
14936173
72297178
117295187
29441112
8387394
20239940
32251719
16271294
20239940
10580452
11999490
899251
108904797
13289456
7365911
581840
16271294
817087
29883410
6661554
24626548
11112110
26457440
272890647
20239940
49688998
207029691
19559620
110457183
26457440
84108628
18191566
20239940
75701494
160529358
13289456
34479911
88230081
62959969
20239940
13289456
308844628
20239940
3780372
2695483
5654635
817087
75492794
20239940
91513076
70956627
817087
941494
3933654
20239940
13289456
22583507
272890647
3780372
899251
43425763
16271294
6661554
10813235
16740986
20239940
817087
84108628
207029691
20699981
110457183
11007274
30855519
20239940
13289456
24289586
110457183
4228196
171688
12502564
21309862
899251
20239940
19155705
130139901
7365911
75701494
36836839
10312940
57368340
6661554
30855519
62959969
4175274
30855519
20239940
85174597
22050022
6661554
20239940
3600605
13289456
171688
1086828
817087
263693087
57368340
12502564
13289456
7365911
85174597
6661554
20239940
111493394
180241358
24626548
16271294
26457440
4398123
3780372
12381638
7023961
3780372
11999490
26865415
84108628
206477643
13289456
75701494
13289456
8382943
64610665
20239940
123371005
6661554
53019790
15801994
13289456
20849613
77528763
899251
15951425
22545424
15480312
1134533
4398123
30855519
207029691
13289456
30855519
817087
3680487
102055277
16740986
13289456
899251
20305209
20239940
25850588
57368340
6661554
24289586
22583507
20239940
30855519
84089848
37293395
110457183
13289456
1327526
2695459
16271294
12010395
12083121
20239940
29515405
8551040
75701494
16740986
30855519
110692704
24289586
20239940
228733466
14568543
13289456
13289456
3780372
3780372
164193222
72297178
26865415
44536933
64610665
20239940
581840
13289456
48803473
110457183
77207402
20239940
111493394
20239940
13289456
14936173
6661554
10336444
13289456
6661554
8504826
75492794
81533085
5907660
75701494
16271294
20239940
20239940
40285240
5343367
817087
11999490
20239940
13289456
9396249
24289586
899251
103094965
5735435
13289456
13289456
817087
6661554
261082
20239940
110457183
82816113
13289456
85174597
7388177
131799868
1515421
179861797
6305294
20239940
15572178
16271294
817087
16271294
29987661
13289456
581840
55908070
20239940
24289586
10336444
817087
6661554
57540291
20239940
110457183
6661554
18008853
36048872
14936173
1086828
80049483
110457183
6661554
60753255
8551040
10336444
110692704
899251
91271011
32251719
39560167
2503429
13289456
15480312
111493394
1630917
85174597
817087
16457901
27086821
13289456
20239940
77419215
3680487
16271294
2837905
30855519
88230081
59261731
138954404
48989129
133898326
110457183
20239940
8382943
33424988
30855519
6661554
24289586
16271294
10411767
7365911
16271294
13814275
59041872
899251
899251
151682926
10336444
40465769
17566403
941494
28544863
5638371
6661554
3680487
111493394
140011639
13289456
43260108
16314380
171688
10336444
52544012
16271294
11999490
817087
36667976
16271294
256889191
80049483
817087
817087
111493394
20239940
20239940
20239940
6661554
314134433
24289586
10336444
13435682
137363787
13289456
8033069
20239940
67873270
37529093
14936173
15572178
89920789
46044882
66978086
5422887
5422887
75701494
20239940
5553393
215554223
11354938
75701494
5936017
817087
85174597
16271294
4006712
20239940
817087
22545424
160529358
30534635
18491141
76439586
11608976
110692704
13289456
33299220
20239940
15951425
37529093
46044882
3600605
1086828
26680465
47270834
8387394
18170225
2503429
817087
85174597
20239940
77207402
5638371
63775015
30855519
36310732
581840
1086828
30855519
207029691
4420348
6661554
6661554
6095976
105735429
47383882
30429498
154085173
17440972
272890647
76439586
3680487
26457440
16271294
16271294
11999490
11354938
75701494
24289586
8155801
128380385
6661554
20239940
20239940
11999490
654198
13289456
16271294
30430285
24289586
16271294
899251
75701494
73009785
13289456
108904797
30855519
13289456
171688
10846431
10391008
100661545
899251
110457183
85174597
16740986
68635674
84514210
6661554
13289456
24289586
150812605
11112110
6661554
16271294
817087
6661554
111493394
16314380
5714212
13289456
110457183
13289456
4228196
12010395
20239940
119111103
24289586
106329576
133898326
13814275
111493394
2695483
220269121
20239940
29300372
11354938
72297178
182273568
98369676
6661554
7640939
24289586
817087
85174597
6661554
79049908
11954146
23376393
30855519
162273858
16763181
817087
173379168
59261731
34479911
207029691
174589642
7365911
937260
72297178
20239940
30534635
3680487
51016
205665400
817087
81888637
20440165
2498947
20239940
79463206
6661554
110692704
32251719
20239940
16271294
59261731
20239940
817087
4228196
20239940
207029691
73009785
899251
6661554
13289456
20239940
110692704
26865415
20239940
6661554
6661554
41417587
20239940
3680487
110457183
7610494
41063551
6661554
16271294
11354938
30855519
5422887
207029691
30855519
256582
1597321
30429498
84828793
20239940
74348496
13289456
24289586
16271294
1086828
6661554
101375700
8551040
52311140
13289456
20239940
71220957
110457183
13289456
13435682
34479911
1086828
15951425
13289456
15480312
242244090
100661545
16271294
10336444
20239940
20239940
19155705
207029691
13289456
29515405
20239940
10245074
20239940
6095976
36667976
4162370
88658276
58279074
48989129
10336444
3780372
6661554
11753727
4221774
45176226
77476765
32986669
6661554
13289456
817087
13289456
20239940
20239940
4228196
33424988
6661554
11354938
20239940
110692704
171688
26457440
29515405
20239940
13289456
84108628
16457901
494005425
13289456
126255499
108904797
207029691
13289456
110457183
16271294
122962414
817087
8165043
48320185
2259898
55852253
25580040
75701494
59261731
899251
110457183
31366570
30855519
899251
110457183
13289456
20239940
42644908
165992883
6661554
20239940
817087
117295187
11354938
110457183
13289456
29515405
13289456
40920365
8551040
20239940
88230081
207029691
49819325
77419215
86860545
24289586
59261731
13289456
20239940
16271294
6661554
13289456
4221774
20239940
38684819
20239940
110706220
6661554
37529093
13289456
85174597
10577198
55852253
4389659
11354938
30855519
3600605
38684819
207029691
26385775
110457183
1702885
40107186
4221774
13289456
6661554
20239940
8033069
110457183
77207402
145668997
16763181
13289456
14936173
18191566
20239940
16740986
110457183
899251
81533085
46044882
20239940
13289456
29060286
13289456
24626548
13289456
59261731
12504396
60515688
132420187
110457183
29300372
85590991
6661554
24289586
5422887
79650708
20239940
1515421
15247633
20239940
15951425
13289456
13289456
20239940
26865415
20239940
13289456
84514210
6661554
5936017
12337361
24289586
24289586
34479911
98462669
101641812
71220957
16271294
33220307
75701494
44911722
7388177
13289456
4775336
7640939
40107186
2444980
4398123
110457183
9603681
24289586
24626548
19570049
30855519
76343922
26457440
18008853
72297178
87672502
899251
10852103
21857944
20239940
24289586
52270445
13289456
13289456
48320185
139550940
2695459
32251719
20239940
11354938
6095976
3680487
73009785
16271294
6661554
13289456
43260108
110457183
31869926
171688
45835391
16271294
110457183
11999490
11354938
4228196
20239940
13289456
19955179
73009785
20239940
8551040
1259288
47383882
24289586
45581894
13289456
49688998
3680487
29515405
39363611
14936173
20227913
110457183
272890647
32065732
124003130
20239940
26585647
10391008
44536933
56144665
85174597
7971461
24289586
12523071
13289456
3680487
41187683
144733380
33220307
164193222
20239940
6305294
75701494
111493394
80049483
7365911
899251
207029691
29543821
1086828
899251
13289456
1086828
6661554
817087
34479911
20239940
10336444
581840
213826953
899251
24289586
13289456
110457183
30855519
45581894
24289586
6661554
13289456
6661554
11354938
75701494
817087
3780372
13814275
30429498
58231279
13289456
2695483
20239940
74798541
60515688
48803473
817087
24289586
6305294
45176226
8033069
183075176
207029691
47173439
40920365
13289456
85174597
6661554
34200857
63916821
26457440
43425763
6661554
20239940
2076644
2837905
9593460
899251
12668746
3600605
20239940
91351518
899251
59261731
91030104
43425763
6661554
8551040
1905969
24626548
51707567
20239940
13289456
81303566
471848
207029691
817087
110457183
87789857
16271294
20239940
85174597
18940925
110457183
59261731
899251
33110949
26865415
16271294
43731834
86860545
6385406
12010395
20239940
40920365
14568543
85174597
3680487
6661554
59041872
13289456
27086821
817087
899251
110457183
20239940
16453885
48320185
5907660
15788120
10108749
6305294
937260
73009785
11999490
13289456
86860545
4228196
10312940
13289456
20239940
59261731
9074750
8033069
13289456
6661554
87453500
31869926
20239940
74348496
75701494
5051783
10336444
20239940
32345103
31324101
131280228
6305294
16271294
16271294
13289456
3680487
20239940
78029226
13289456
13289456
207029691
1839946
34479911
111493394
6661554
8033069
110457183
1034050
67704374
110457183
6661554
4228196
207029691
25437534
817087
29987661
8551040
72297178
13289456
110457183
16740986
205665400
26865415
16982216
13289456
20239940
75701494
85174597
20239940
48989129
20239940
29515405
171688
24026203
110457183
76439586
9016753
38340374
68635674
16271294
147945985
76439586
817087
817087
16271294
164193222
57504935
111493394
18735110
2117464
817087
51923797
85174597
139954633
54401032
3482736
13289456
30707428
13814275
33220307
8551040
7365911
110692704
13435682
24289586
3680487
12052057
95690781
131950297
4398123
13289456
30855519
90536189
16271294
817087
43731834
48661646
13289456
15022936
5936017
110457183
34479911
20239940
31366570
43103988
6661554
75701494
117181786
34479911
4891822
6661554
899251
42994353
78514178
31827349
11354938
13289456
26457440
14939822
16271294
27478816
34479911
6661554
110457183
110457183
164193222
20239940
59261731
86860545
85174597
6661554
110457183
100810869
60696906
899251
111493394
24289586
20849613
171688
3920993
94295959
13289456
280968757
85174597
62588931
96230589
6661554
85174597
207029691
7887668
13289456
3680487
47383882
24289586
24626548
24289586
30855519
24289586
12052057
3600605
110457183
18191566
4221774
13289456
10336444
75701494
1134533
817087
16271294
73009785
7588105
4228196
53579172
13289456
24289586
86860545
24289586
110457183
558482265
40107186
37238675
899251
56919249
20239940
24626548
56144665
111493394
899251
351987120
102223937
84108628
20239940
20239940
29987661
6661554
15572178
18940925
33637947
75701494
1327526
39363611
109971736
21372200
2444980
30855519
40855850
20239940
13289456
85106290
6661554
85174597
33222005
24289586
87119460
43425763
272890647
76439586
20239940
8551040
20039417
56061199
5654635
20239940
85174597
29300372
48989129
6661554
899251
16271294
817087
75701494
171688
498832
7365911
1924880
37917356
21857944
20239940
37529093
11007274
11999490
37293395
13289456
899251
47457778
13814275
1086828
87889345
13289456
16605470
45870261
11354938
76439586
21117815
85174597
85174597
85174597
2569130
20239940
13289456
817087
37293395
131950297
13289456
16271294
817087
85174597
13289456
207029691
84108628
13289456
899251
141339561
85174597
13289456
6661554
16271294
24289586
26865415
1086828
10391008
22045417
899251
16271294
20239940
76343922
24289586
110457183
85174597
51331040
817087
26457440
110457183
817087
76343922
110457183
24289586
858766
10846431
110692704
2314035
3780372
20239940
20239940
13435682
77419215
20239940
20239940
68018111
56061199
14936173
80457676
13289456
13289456
49880168
817087
20239940
171688
16271294
23734603
14936173
13289456
2498947
25013991
30855519
75701494
24289586
170546779
6341564
16021806
110457183
3680487
85174597
20239940
175334115
24289586
75701494
13289456
817087
222590281
75701494
10336444
13289456
13435682
111493394
15801994
207029691
40107186
20239940
30855519
6661554
85174597
26865415
110692704
6661554
71220957
11354938
125487269
44536933
6661554
110457183
194120616
6661554
5638371
3680487
6661554
817087
71574238
20440165
4006712
13289456
20239940
6661554
22050022
51016
13289456
10391008
6661554
88230081
13289456
47383882
85174597
20239940
85174597
20239940
20239940
3600605
4228196
3680487
171688
20239940
13289456
40107186
24289586
110457183
13289456
110692704
20239940
11999490
52270445
110457183
14936173
4006712
817087
13289456
35118316
37529093
13289456
85174597
899251
24289586
85174597
6661554
41063551
23649558
16271294
20239940
8220284
24289586
111493394
3680487
111980471
16271294
20239940
207029691
817087
24640515
13435682
10336444
82816113
25580040
110457183
85174597
20239940
24289586
47383882
3680487
6661554
3780372
24626548
6661554
297896807
16271294
16271294
77197185
817087
110457183
899251
5638371
24350247
11354938
15951425
1999151
20239940
20239940
899251
14936173
12502564
3482736
6661554
24289586
13289456
72297178
85174597
20239940
15016252
39263787
817087
40107186
13289456
20239940
74628320
34750117
18008853
86860545
27468609
188899270
79575577
81888637
16740986
124226361
24289586
20239940
85174597
3680487
4398123
20239940
26325249
37529093
24289586
13289456
94295959
11999490
6341564
16271294
19955179
14936173
1788857
16754508
13289456
110692704
13289456
54401032
206477643
110457183
110457183
16271294
62089359
6661554
1034050
11354938
3680487
24289586
20239940
4068231
228733466
13289456
5654635
111493394
19955179
20239940
87889345
13289456
73009785
110457183
7588105
899251
40107186
13289456
32251719
24289586
72297178
17197296
12010395
13289456
20239940
8387394
8382943
26865415
35084687
47884582
11354938
29060286
13289456
22050022
13289456
3680487
29812186
16271294
26985476
20239940
110692704
15951425
13289456
62959969
24185077
66268282
13289456
13289456
4398123
11999490
16271294
16271294
817087
85174597
18763850
51016
85174597
20849613
13289456
11999490
48320185
8155801
13435682
2695483
43425763
86860545
77476765
581840
62959969
88658276
11436092
24289586
7365911
24289586
20239940
3680487
43425763
24289586
20239940
124003130
817087
26601958
3780372
75701494
817087
11354938
8387394
20239940
899251
29515405
24289586
899251
30855519
113432378
817087
6661554
24289586
13289456
8504826
39363611
110457183
11354938
30855519
47383882
52544012
11354938
16740986
51016
13289456
20239940
38930279
50781749
11354938
59041872
13435682
817087
119730702
20239940
11354938
13289456
24289586
16271294
899251
24289586
110692704
13289456
20239940
899251
16271294
3920993
75701494
6661554
20239940
20239940
899251
110457183
30855519
110457183
30855519
13289456
13289456
228733466
31770001
14936173
2498947
26865415
1086828
24267606
8504826
30855519
76906826
16271294
110457183
899251
24289586
5422887
21471768
61152825
14936173
817087
20239940
24289586
8670315
8033069
62433366
32737012
13289456
86860545
37529093
817087
35744279
13289456
110692704
73009785
5422887
13289456
817087
72769018
63916821
31523246
20239940
24289586
68635674
13289456
8155801
6661554
13289456
59261731
110457183
75701494
20239940
56144665
13289456
16271294
110457183
77419215
85174597
19955179
18940925
24289586
129150195
59261731
3600605
24289586
60515688
13025527
20227913
20239940
20239940
13289456
13289456
4006712
20347736
10336444
24289586
3680487
24663504
164193222
13289456
78660113
2076644
16740986
56061199
8551040
6661554
42263503
48430443
63916821
14936173
84108628
13289456
60515688
13289456
Impossible
76906826
15951425
12337361
33110949
103075557
16271294
90821683
13289456
10336444
43425763
6661554
1086828
47457778
43425763
3780372
2503429
75701494
57368340
12010395
96035087
16740986
13289456
85174597
20239940
4006712
6661554
17138952
87609996
20239940
20239940
817087
25478532
16740986
389265409
13289456
8033069
56061199
1839946
1145905
75701494
43425763
101375700
16271294
16271294
20239940
45176226
899251
20239940
12713814
118883765
61216827
20239940
6661554
16271294
20239940
30855519
899251
4398123
20239940
6661554
35118316
3766454
20239940
110457183
7425734
16731374
107946
48320185
20239940
40107186
817087
45176226
16271294
20760679
28813942
111493394
406635376
19155705
3780372
5087573
24289586
148145789
899251
20239940
20239940
2498947
145883290
6661554
139696460
111493394
85174597
6661554
47383882
3780372
16271294
6661554
26457440
362119558
59261731
1086828
6661554
20239940
8551040
111493394
20239940
545757
20239940
159154494
6661554
81273996
16271294
6661554
6661554
16740986
43244622
40855850
88230081
19955179
3780372
11354938
2695459
13289456
110457183
15951425
20239940
85174597
86860545
3780372
899251
8551040
21857944
591434442
43425763
13289456
86860545
13289456
55096031
13435682
124226361
817087
5964993
817087
11999490
272381957
16271294
110457183
126255499
20239940
3680487
817087
59261731
37275064
13289456
5422887
26052681
6661554
4228196
13289456
12539642
13289456
272890647
11999490
16271294
66049917
25394050
14936173
13289456
110457183
6723738
13289456
899251
24289586
24289586
4398123
31013365
20239940
110692704
13289456
13289456
6661554
38340374
19955179
11615376
817087
37529093
110457183
17488909
941494
160219108
20239940
1725219
817087
44536933
16271294
10580452
13289456
817087
20239940
223086752
68635674
16740986
21471768
182273568
5655759
15951425
817087
20239940
207029691
6661554
817087
20760679
389138776
20239940
11436092
14936173
2695483
20239940
6661554
40873107
85174597
84828793
20239940
111980471
34479911
4228196
110457183
16271294
77419215
78409218
20239940
24289586
24289586
30855519
18008853
57167232
15022936
110457183
37529093
5714212
207029691
20239940
817087
3680487
43725391
20239940
24289586
3780372
13289456
20239940
20239940
2314035
18191566
13936215
38916763
71220957
8670315
1086828
20239940
6661554
6661554
6305294
13289456
48989129
110457183
2503429
3780372
13289456
14936173
75701494
899251
5422887
3680487
213826953
85174597
13289456
16271294
899251
3600605
7357766
8358327
110692704
899251
72769018
110457183
77419215
44911722
5087573
59261731
899251
110457183
29060286
60515688
22018153
899251
7228396
2569130
34479911
26865415
56144665
28486789
16271294
56061199
20239940
37529093
16271294
131996691
6661554
20239940
78827919
6661554
13289456
42994353
13289456
16763181
13289456
2312630
43260108
29515405
20239940
24289586
131950297
85174597
20239940
13289456
39363611
78205472
110692704
111493394
11354938
18008853
1839946
281477041
7188182
30534635
558482265
110457183
11354938
46678419
6661554
67531442
88230081
6661554
57504935
1134533
16740986
20239940
20239940
20239940
13289456
16271294
6661554
24289586
15951425
207029691
23604239
14936173
817087
12381638
111493394
13814275
24289586
13289456
16271294
7149899
6661554
34479911
87789857
13435682
132420187
19955179
37529093
60515688
47383882
20239940
85174597
1145905
65233204
20239940
16740986
24289586
13289456
817087
24289586
31271768
20239940
6661554
110457183
29298828
20239940
13289456
817087
20239940
817087
46044882
63047695
59261731
73009785
43731834
59261731
1788857
242244090
24289586
59154757
110457183
13771930
86860545
13289456
2695483
30855519
68698540
13289456
15951425
26534861
80049483
16271294
2503429
15480312
11354938
6661554
24289586
75701494
13289456
Impossible
26865415
75701494
84828793
63210211
16271294
47635487
6661554
30855519
7464068
79575577
6305294
20239940
35578657
10108749
44536933
34479911
77419215
88230081
3680487
110692704
22545424
13289456
4398123
111493394
16740986
75701494
13289456
110457183
4942978
8551040
20239940
20239940
13289456
110457183
17138952
127753254
32814508
67055154
6661554
60515688
14936173
96247244
16740986
20239940
4221774
6341564
75701494
37529093
189909111
13289456
5936017
20239940
13289456
37223350
132420187
73009785
30855519
1904608
59261731
13289456
14363365
16271294
18008853
20239940
7887668
817087
30855519
3680487
21060817
5735435
75701494
16990510
86860545
48989129
6661554
48430443
13289456
54832757
104896396
30855519
20239940
10411767
20239940
88230081
6661554
73009785
16271294
24289586
130139901
10580452
13289456
71220957
24289586
13289456
12536633
16271294
60107311
13289456
110457183
406635376
4228196
175334115
93442874
79049908
84108628
34479911
16271294
1086828
37529093
13289456
20239940
817087
24289586
20239940
93442874
20239940
20239940
47383882
23649558
24289586
11198165
35564693
51923797
20239940
110692704
38340374
2503429
24289586
6661554
1515421
81002655
4228196
13289456
16271294
16271294
180241358
6341564
61180356
20239940
20239940
6661554
29300372
6661554
9033011
111493394
3680487
6661554
20239940
73009785
215554223
12010395
13289456
817087
6661554
817087
382521460
899251
11999490
24289586
261082
8504826
35135550
16740986
71220957
24626548
4398123
130139901
6661554
108904797
16594874
3969528
6661554
20239940
7887668
18950467
110457183
39399797
85174597
20239940
110457183
84108628
13289456
20239940
5907660
72734434
26865415
36836839
51491638
73009785
13289456
62588931
16457901
17139187
4228196
817087
845557
13289456
24289586
110457183
11354938
29515405
56061199
20239940
11354938
13289456
523351794
59261731
30855519
86860545
39410505
85174597
110457183
37529093
817087
24289586
104198295
110457183
1145905
16271294
1702885
16271294
13289456
56061199
8382943
13289456
20239940
18534717
20239940
24289586
11999490
125783251
110457183
51214248
171688
20239940
13289456
141799362
24289586
45176226
13289456
24289586
20239940
20239940
11098003
48989129
88230081
13289456
16870159
37529093
110457183
67148030
6341564
180241358
163625442
6305294
20239940
199349503
85174597
20239940
73009785
147945985
110692704
4855791
16271294
87672502
6661554
215554223
20239940
84514210
37529093
81533085
26865415
2259898
13289456
16457901
79575577
40107186
13289456
207029691
15480312
6661554
13289456
13289456
4006712
85174597
52270445
13289456
30855519
23604239
20239940
20849613
131950297
76343922
2503429
24289586
13025527
13289456
12564833
899251
16740986
20239940
5007907
20239940
6661554
24185077
53544173
7464068
85174597
84514210
11615376
76906125
266175168
70956627
47457778
38014544
13289456
3600605
10055302
110692704
90821683
59261731
817087
111493394
34479911
941494
38442400
24289586
75701494
4006712
2259898
79650708
14936173
188899270
111493394
1839946
20239940
899251
16740986
14568543
82816113
48320185
20239940
59261731
24289586
85174597
38856291
36836839
20239940
32251719
20239940
128380385
20239940
16271294
3420693
43103988
183075176
24289586
24289586
55908070
899251
817087
61180356
74348496
13289456
11999490
16271294
48320185
13289456
110457183
94295959
85174597
899251
11354938
20239940
111493394
26527926
13289456
16271294
1406024
144799931
16271294
51331040
130216970
20239940
24626548
899251
16763181
9596306
60515688
51923797
1086828
1086828
5654635
5422887
11354938
73009785
56061199
20239940
75701494
30855519
20239940
3892927
20239940
817087
62089359
37529093
7610494
20239940
13289456
18466581
110457183
60515688
41187683
6661554
31523246
13289456
22545424
13289456
24289586
13289456
6661554
94295959
24289586
382521460
84828793
32251719
52544012
899251
84828793
57368340
13771930
817087
24289586
16740986
60515688
13289456
85174597
75701494
16271294
85174597
2377969
7365911
32251719
110457183
20239940
34479911
91271011
13289456
20239940
13936215
5422887
13289456
3780372
817087
8033069
6199908
20196154
39410505
39363611
31827349
61699517
899251
6661554
899251
16271294
351763287
19902925
85174597
29060286
20239940
91271011
13289456
24289586
30534635
16740986
24626548
817087
20239940
6661554
73009785
24289586
50781749
72297178
16271294
3680487
75492794
45581894
16271294
20239940
32251719
122962414
29060286
11999490
111493394
20239940
29060286
183075176
80049483
39363611
37529093
17756876
16271294
59041872
39363611
20239940
31271768
24956355
6661554
1145905
56061199
11608976
20239940
95690781
110457183
16740986
20849613
817087
164193222
111493394
13289456
26457440
45176226
13289456
16754508
60515688
16271294
191591459
76439586
18008853
129399879
20239940
20239940
64610665
33222005
20239940
37529093
899251
20849613
13814275
58231279
110457183
111493394
88230081
899251
30855519
4228196
19155705
85174597
85174597
20239940
3889215
16271294
16740986
15480312
89920789
19955179
16740986
899251
32737012
20239940
85174597
14936173
75701494
8551040
24289586
13289456
176315211
13011322
6095976
73009785
3780372
9596306
160529358
85174597
13289456
4228196
29515405
20239940
29515405
3680487
20239940
11098003
1145905
48989129
29060286
48320185
13289456
20239940
13289456
14936173
6661554
112651229
20239940
110457183
11999490
48989129
110692704
1145905
20119261
110457183
85174597
817087
49688998
1725219
86860545
62959969
59261731
87453500
2021096
85174597
6661554
24626548
3780372
24289586
16546917
13289456
103094965
20239940
16271294
899251
16740986
3680487
7365911
2586390
6661554
13289456
10067679
817087
45176226
74348496
3780372
84108628
30429498
72734434
20239940
4006712
27928047
899251
16740986
131950297
29300372
20239940
20239940
171688
44911722
11999490
76903242
8504826
13230903
899251
13289456
899251
899251
24626548
111493394
87119460
110457183
110692704
13289456
16740986
899251
11999490
94295959
7294211
41181834
16271294
8551040
13011322
4228196
19955179
85174597
4091376
3680487
77207402
16271294
56061199
33220307
20239940
14936173
60515688
41187683
11999490
24289586
6191573
40920365
73009785
5422887
85174597
73009785
134428099
7365911
85174597
30406901
34750117
16271294
11999490
23228562
68635674
13289456
6661554
32814508
6661554
817087
20239940
75701494
7640939
13289456
24289586
94295959
34750117
20239940
6661554
16546917
26457440
16271294
61216827
272890647
13289456
16271294
39363611
24350247
8551040
36836839
33819044
68635674
101375700
20239940
13289456
6661554
6661554
16457901
59261731
13289456
6661554
20239940
3780372
56061199
14568543
86860545
16271294
63730573
24626548
20239940
114450185
30855519
817087
85174597
6586476
13289456
26457440
4221774
13289456
8504826
85174597
13289456
86860545
31869926
20239940
20239940
13289456
57504935
130216970
111493394
817087
4184116
16763181
128380385
45176226
94295959
110457183
581840
79710650
75701494
4228196
48989129
206477643
72297178
52211625
16271294
11608976
170047755
30855519
