1 1934351039 1934351039 
2 63792317 1998143356 
2 83831969 2081975325 
2 828490672 2910465997 
2 362316652 3272782649 
2 1205300003 4478082652 
2 937277 4479019929 
2 1104069978 5583089907 
2 650588602 6233678509 
2 100358158 6334036667 
2 209733811 6543770478 
2 973181167 7516951645 
2 1315504234 8832455879 
2 1437122372 10269578251 
2 110223244 10379801495 
2 868512241 11248313736 
2 416196502 11664510238 
2 253602491 11918112729 
3 806308373 12724421102 
3 170752654 12895173756 
3 454482256 13349656012 
3 512472639 13862128651 
3 140369837 14002498488 
3 264419965 14266918453 
3 462551243 14729469696 
3 442716906 15172186602 
3 113170174 15285356776 
3 811609772 16096966548 
3 308145897 16405112445 
3 6857375 16411969820 
3 389301245 16801271065 
3 110624949 16911896014 
3 560534231 17472430245 
3 545020467 18017450712 
3 173181029 18190631741 
3 69316268 18259948009 
3 1294189730 19554137739 
3 64510665 19618648404 
3 1293975516 20912623920 
3 13798995 20926422915 
3 232354079 21158776994 
3 809058114 21967835108 
3 345749649 22313584757 
3 1325360701 23638945458 
3 1314106762 24953052220 
3 325240224 25278292444 
3 644234752 25922527196 
3 167119915 26089647111 
3 333137449 26422784560 
3 448538499 26871323059 
3 262227913 27133550972 
3 767102262 27900653234 
3 471221627 28371874861 
3 260328513 28632203374 
3 945011322 29577214696 
3 296508575 29873723271 
3 196764446 30070487717 
3 381149768 30451637485 
3 1204017127 31655654612 
3 234571110 31890225722 
3 215953704 32106179426 
3 205855675 32312035101 
3 29968670 32342003771 
3 756819503 33098823274 
3 488189897 33587013171 
3 1511868989 35098882160 
3 179875749 35278757909 
3 343910800 35622668709 
3 1140469175 36763137884 
3 356934448 37120072332 
3 261733543 37381805875 
37381805875