1. We Are! 海贼王 OP1 0:00:15

2. departure! 全职猎人 OP1 00:40

3. Imagination 排球少年!! OP1 01:03

4. Black Rover 黑色四叶草 OP3 01:23

5. The WORLD 死亡笔记 OP1 01:42

6. 限界突破X幸存者 龙珠超 OP2 02:10

7. 午夜的约会 野良神 OP 02:35

8. Snow Fairy 妖精的尾巴 OP1 03:04

9. Inferno 炎炎消防队 OP1 03:23

10. 剪影 火影忍者疾风传 OP16 03:47

11. 阴天 银魂 OP5 04:15

12. CORE PRIDE 青之驱魔师 OP1 04:34

13. BLOODY STREAM JOJO的奇妙冒险 战斗潮流 OP2 05:00

14. 星号 死神 OP1 05:35

15. CHANGE THE WORLD 犬夜叉 OP1 05:57

16. again 钢之炼金术士FA OP1 06:29

17. 红莲华 鬼灭之刃 OP 06:43

18. 红莲的弓矢 进击的巨人 OP1 07:18

19. 乱舞的旋律 死神 OP13 07:59

20. 永恒的罪恶之冠 罪恶王冠 OP2 08:22

21. Sign 火影忍者 OP6 08:43

22. 交叉领域 刀剑神域 OP1 09:06

23. 约会大作战 约会大作战 OP 09:36

24. 没有痛苦，就没有游戏 惊爆游戏 OP 10:08

25. 空想神话 未来日记 OP1 10:37

26. Period 钢之炼金术师FA OP4 11:00

27. 复杂人生 无头骑士异闻录 OP2 11:29

28. oath sign Fate/Zero OP 11:54

29. 热情光谱 七大罪 OP1 12:27

30. 表里一体 全职猎人 ED5 12:57

31. Hacking to the Gate 命运石之门 OP 13:39

32. Re:Re: 只有我不在的街道 OP 14:02

33. My Soul, Your Beats! 天使的心跳 OP 14:26

34. One Day 海贼王 OP13 15:03

35. 樱满月 银魂 OP13 15:37

36. 千之翼 浜虎 OP 15:58

37. Connect 魔法少女小圆 OP 16:23

38. Let Me Hear 寄生兽 OP 16:55

39. 前前前世 你的名字 OST 17:37

40. FLY HIGH!! 排球少年!!第二季 OP2 18:01

41. Redo Re:从零开始的异世界生活 OP1 18:31

42. 海色 舰队Collection OP 18:56

43. Rising Hope 魔法科高中的劣等生 OP1 19:06

44. Clattanoia Overlord OP 19:26

45. Liar Mask 斩赤红之瞳! OP2 19:55

46. ambiguous 斩服少女 OP2 20:19

47. IGNITE 刀剑神域第二季 OP120:42

48. aLIEz ALDNOAH.ZERO ED2 21:12

49. JOJO~这是血脉相承的记忆~ JOJO的奇妙冒险 星辰远征军 埃及篇 OP2 21:47

50. 狂乱 Hey Kids!! 野良神 ARAGOTO OP 22:27

51. 勇敢的你 Charlotte OP 22:52

52. Flyers 死亡游记 OP 23:17

53. 甜蜜歌声与苦涩步伐 血界战线 ED 23:45

54. 火炎 多罗罗 OP1 24:11

55. 献出心脏! 进击的巨人 第二季 OP 25:30

56. Los! Los! Los! 幼女战记 ED1 26:12

57. Touch off 约定的梦幻岛 OP 26:42

58. MUKANJYO 冰海战记 OP1 27:11

59. Good Morning World! 石纪元 OP1 27:36

60. 自我 元气囝仔 OP 27:59

61. 不可思议的病例 青春猪头少年不会梦到兔女郎学姐 ED 28:39

62. 打上花火 升起的烟花，从下面看？还是从侧面看？ OST 29:27

63. Prayer X 香蕉鱼 ED1 30:03

64. 印记 刀剑神域第二季 ED3 30:34

65. 从这开始，从这开始 比宇宙更远的地方 ED 31:19

66. orion 3月的狮子 ED2 32:02

67. History Maker 冰上的尤里 OP 32:27

68. SHINY DAYS 摇曳露营∆ OP 33:01

69. Deal with the devil 狂赌之渊 OP 33:29

70. Giorno's Theme(I1 vento d'oro) JOJO的奇妙冒险 黄金之风 OST 33:52

71. 我的战争 进击的巨人最终季 OP1 34:46

72. The Rumbling 进击的巨人最终季 part2 OP2 35:18

73. Avid 86-不存在的战区- ED 36:08

74. 赤身勇者 国王排名 OP2 37:02

75. 怪物 动物狂想曲 第二季 OP 37:50

76. Sing My Pleasure 薇薇 -萤石眼之歌- OP 38:09

77. 廻廻奇谭 咒术回战 OP 38:43

78. ADAMAS 刀剑神域 Alicization OP1 39:14

79. KICK BACK 电锯人 OP 39:45

80. Black Catcher 黑色四叶草 OP10 40:09

81. Cry Baby 东京复仇者 OP 40:27

82. Mixed Nuts 间谍过家家 OP 40:56

83. 残响散歌 鬼灭之刃 游郭篇 OP 41:29

84. 晴天好心情 凉宫春日的忧郁 ED 42:11

85. Extra Magic Hour 甘城光辉游乐园 OP 42:51

86. 闪耀吧!女孩 轻音少女 OP 43:15

87. 温柔的理由 冰菓 OP1 43:41

88. Daisy 境界的彼方 ED 44:05

89. Sincerely 紫罗兰永恒花园 OP 44:44

90. Hyadain的单单单⭐单相思-C 日常 OP1 45:12

91. 拿去吧！水手服 幸运星 OP 45:23

92. DREAM SOLISTER 吹响吧!上低音号 OP 45:45

93. Sparkling Daydream 中二病也要谈恋爱！ OP 46:11

94. 青空的狂想曲 小林家的龙女仆 OP 46:38

95. 团子大家族 CLANNAD ED 47:39

96. 铭刻时间的歌 CLANNAD ~AFTER STORY~ OP 48:25

97. 鸟之诗 AIR OP 49:15

98. 关于恋爱的事 声之形 OST 50:25

99. 声嘶力竭 家有女友 OP 50:53

100. Fiction 宅男腐女恋爱真难 OP 51:26

101. 非你莫属 月刊少女野崎君 OP 51:52

102. DADDY! DADDY! DO! 辉夜大小姐想让我告白~天才们的恋爱头脑战~ OP 52:20

103. 逃离地面 天气之子 OST 52:50

104. God only knows 只有神知道的世界 OP 53:40

105. DAYS of DASH 樱花庄的宠物女孩 ED 54:19

106. 你所不知道的故事 化物语 ED 54:42

107. 君色シグナル 路人女主的养成方法 OP 55:15

108. secret base ~你给我的所有~ 我们仍未知道那天所看见的花的名字 ED 55:45

109. 火花 你的名字 OST 56:22

110. 届不到的恋 白色相簿2 OP 56:59

111. 一番的宝物 Angel Beats! OST 57:34

112. 橙色少女心 龙与虎 ED2 58:18

113. 拟春 我的青春恋爱物语果然有问题。 OP 59:00

114. 樱花之吻 樱兰高校男公关部 OP 59:22

115. 亲吻钻石 山田君与7人魔女 OP 59:47

116. Re:frain (refrain) 恋如雨止 ED 1:00:29

117. Orange 四月是你的谎言 ED2 1:00:55

118. 武士之心 银魂第二季 ED1 1:01:30

119. 白金DISCO 伪物语 OP 1:02:02

120. 恋爱循环 化物语 OP4 1:02:33

121. 超级⭐喜爱 幻想嘉年华 OP 1:03:04

122. Zero!! 打工吧!魔王大人 OP 1:03:24

123. 99 灵能百分百 OP 1:03:50

124. COOLEST 在下坂本，有何贵干？ OP 1:04:11

125. THE HERO 一拳超人 OP 1:04:45

126. 拜托了肌肉 流汗吧!健身少女 OP 1:05:14

127. Grand Blue 碧蓝之海 OP 1:05:42

128. 灰姑娘 古见同学有交流障碍症。 OP 1:06:11

129. かくしん的☆めたまるふぉーぜっ! 干物妹!小埋 OP 1:06:39

130. Bon Appetit S 调教咖啡厅 OP 1:06:59

131. Daydream café 请问您今天要来点兔子吗？ OP 1:07:44

132. Brave Shine(红A帅醒歌) Fate×ay night [Unlimited Blade Works] OP2 1:08:04

133. Voracity Overlord III OP 1:08:51

134. Nameless Story 关于我转生变成史莱姆这档事 OP 1:09:14

135. fantastic dreamer 为美好的世界献上祝福! OP 1:09:37

136. Shiny Ray 小魔女学园 OP1 1:10:02

137. database 记录的地平线 OP 1:10:22

138. RISE 盾之勇者成名录 OP 1:10:42

139. Here 魔法使新娘 OP1 1:11:23

140. 破碎的苹果 来自新世界 ED1 1:11:59

141. 冥河螺旋 Re:从零开始的异世界生活 ED 11:12:30

142. Deep in Abyss 来自深渊 OP 1:13:00

143. 旅人之歌 无职转生~到了异世界就拿出真本事~ OP 1:13:40

144. 在旅途中 狼与香辛料 OP 1:14:03

145. One Last Kiss 新世纪福音战士剧场版:终 OST 1:14:28

146. Beautiful World 新世纪福音战士新剧场版:序 OST 1:15:10

147. Torikago 国家队 ED1 1:15:56

148. ライオン 超时空要塞 Frontier OP2 1:16:33

149. 禁绝的边境线 超时空要塞∆ OST 1:17:00

150. 禁断的逆战 天使与龙与轮舞 OP1 1:17:23

151. 空色时光 天元突破红螺旋岩 OP 1:17:52

152. UNION SSSS.古立特 OP 1:18:28

153. DAYS 交响诗篇 OP1 1:19:06

154. Dive in the Sky 星空清理者 OP 1:19:36

155. Uninstall 地球防卫少年 OP 1:20:07

156. Inner Universe 攻壳机动队 OP 1:20:42

157. 镜面之波 宝石之国 OP 1:21:26

158. 没有名字的怪物 心里测量者 ED1 1:22:04

159. 孤独的观测者 命运石之门 OST 1:22:28

160. 创圣的大天使 创圣的的大天使 OP1 1:22:56

161. Butter-Fly 数码宝贝 OP 1:23:28

162. 雀斑 浪剑客心 OP1 1:24:29

163. Melissa 钢之炼金术师 OP1 1:24:53

164. Driver's High 麻辣教师GTO OP1 1:25:26

165. God knows... 凉宫春日的忧郁 OST 1:25:58

166. 青鸟 火影忍者疾风传 OP3 1:26:38

167. CHA-LA HEAD-CHA-LA 龙珠Z OP 1:27:09

168. Deja Vu (逮虾户) 头文字D OST 1:27:32

169. 直到世界尽头 灌篮高手 ED2 1:28:19

170. 残酷天使的行动纲领 新世纪福音战士 OP 1:29:07

171. 微笑的炸弹 幽游白书 OP 1:29:45

172. 月光传说 美少女战士 OP 1:30:17

173. Tank! 星际牛仔 OP 1:30:42

174. Guns& Roses 永生之酒 OP 1:31:02

175. 绯色之空 灼眼的夏娜 OP1 1:31:34

176. 黑白之吻 黑执事 OP 1:32:15

177. euphoric field 悠久之翼 OP 1:32:40

178. only my railgun 某科学的超电磁炮 OP1 1:33:04

179. INVOKE 机动战士高达SEED OP1 1:33:40

180. Paradise Lost 食灵-零- OP 1:34:01

181. Red fraction 黑礁 OP 1:34:24

182. Color of the Heart 血战 OP3 1:34:49

183. 樱锁 家庭教师 ED10 1:35:17

184. 月光的指引 黑之契约者 -流星的双子- OP 1:35:44

185. Doubt & Trust 驱魔少年 OP3 1:36:21

186. D-tecnoLife 死神 OP2 1:36:50

187. Resonance 噬魂师 OP1 1:37:24

188. Lilium 妖精的旋律 OP 1:37:56

189. you 寒蝉鸣泣之时 OST 1:38:45

190. 四季之歌 混沌武士 ED 1:39:09

191. Secret of my Heart 名侦探柯南 ED9 1:39:31

192. 幽深的森林 犬夜叉 ED2 1:39:53

193. 不变的永远 穿越时空的少女 OST 1:40:15

194. 夏夕空 夏目友人帐 ED 1:40:51

195. This game 游戏人生 OP 1:41:37

196. My Dearest 罪恶王冠 OP1 1:42:35

197. Snow halation Love Live OST 1:43:04

198. 若能绽放光芒 OP1 1:43:37

199. unravel 东京食尸鬼 OP 1:44:16

200. COLORS 叛逆的鲁路修 OP1 1:45:14

201. Hunting for your dream 全职猎人(2011) ED2 1:47:10